<?xml version="1.0" encoding="UTF-8"?>
<testsuite name="com.github.maskedkunisquat.musicmanager.logic.WorldInitializerTest" tests="6" skipped="0" failures="0" errors="0" timestamp="2026-06-17T03:53:36.417Z" hostname="BB_PC2" time="0.031">
  <properties/>
  <testcase name="world starts at day zero" classname="com.github.maskedkunisquat.musicmanager.logic.WorldInitializerTest" time="0.0"/>
  <testcase name="same seed produces identical worlds" classname="com.github.maskedkunisquat.musicmanager.logic.WorldInitializerTest" time="0.001"/>
  <testcase name="all artists start with needs above urgent threshold" classname="com.github.maskedkunisquat.musicmanager.logic.WorldInitializerTest" time="0.022"/>
  <testcase name="roster size is between 3 and 5" classname="com.github.maskedkunisquat.musicmanager.logic.WorldInitializerTest" time="0.0"/>
  <testcase name="every artist has a valid contract" classname="com.github.maskedkunisquat.musicmanager.logic.WorldInitializerTest" time="0.006"/>
  <testcase name="different seeds produce different worlds" classname="com.github.maskedkunisquat.musicmanager.logic.WorldInitializerTest" time="0.001"/>
  <system-out><![CDATA[]]></system-out>
  <system-err><![CDATA[]]></system-err>
</testsuite>
